#
# A fatal error has been detected by the Java Runtime Environment:
#
#  EXCEPTION_ACCESS_VIOLATION (0xc0000005) at pc=0x00007ffae2198b36, pid=1880, tid=0x0000000000000d28
#
# JRE version: Java(TM) SE Runtime Environment (8.0_92-b14) (build 1.8.0_92-b14)
# Java VM: Java HotSpot(TM) 64-Bit Server VM (25.92-b14 mixed mode windows-amd64 compressed oops)
# Problematic frame:
# C  [ntdll.dll+0x38b36]
#
# Failed to write core dump. Minidumps are not enabled by default on client versions of Windows
#
# If you would like to submit a bug report, please visit:
#   http://bugreport.java.com/bugreport/crash.jsp
# The crash happened outside the Java Virtual Machine in native code.
# See problematic frame for where to report the bug.
#

---------------  T H R E A D  ---------------

Current thread (0x0000000019127000):  JavaThread "AWT-EventQueue-0" [_thread_in_native, id=3368, stack(0x0000000019b20000,0x0000000019c20000)]

siginfo: ExceptionCode=0xc0000005, writing address 0x0000000000000024

Registers:
RAX=0x0000000000000000, RBX=0x0000000019ef3898, RCX=0x00000000fffffffc, RDX=0x00000000000007a8
RSP=0x0000000019c1bf40, RBP=0x00007ff60a9d4000, RSI=0x00000000000007a8, RDI=0x0000000000000000
R8 =0xffffffffffffffff, R9 =0x00007ff60a9d4000, R10=0x0000000000000000, R11=0x0000000000000246
R12=0x0000000000000000, R13=0x0000000000000000, R14=0x0000000000000000, R15=0x0000000000000000
RIP=0x00007ffae2198b36, EFLAGS=0x0000000000010213

Top of Stack: (sp=0x0000000019c1bf40)
0x0000000019c1bf40:   00000000000007a8 0000000019127000
0x0000000019c1bf50:   0000000019c1c7c8 000000001603ae78
0x0000000019c1bf60:   0000000000000000 00000000191271f8
0x0000000019c1bf70:   0000000019c1c068 0000000019127000
0x0000000019c1bf80:   0000000000000000 00000000605a7fc1
0x0000000019c1bf90:   0000000100172858 0000000019c1bff0
0x0000000019c1bfa0:   0000000000000000 00007ffad0ef76f3
0x0000000019c1bfb0:   0000000019127000 0000000000000005
0x0000000019c1bfc0:   000031c40c076ade 000000000000000e
0x0000000019c1bfd0:   0000000000000004 0000000000000001
0x0000000019c1bfe0:   000000001603afa8 000000007ffe0372
0x0000000019c1bff0:   0000000000000000 0000000000000000
0x0000000019c1c000:   00007ff60a9d4000 00007ffae2197124
0x0000000019c1c010:   00007ffa0000000e 00007ffad0ee11bb
0x0000000019c1c020:   0000000019ef3898 000000000000000a
0x0000000019c1c030:   0000000019ef3890 0000000019fbaaf0 

Instructions: (pc=0x00007ffae2198b36)
0x00007ffae2198b16:   a8 01 0f 85 e0 00 00 00 8b c8 41 2b ce f0 0f b1
0x00007ffae2198b26:   4b 08 75 e9 48 8b 03 45 33 f6 48 83 f8 ff 74 03
0x00007ffae2198b36:   ff 40 24 41 bf 82 03 fe 7f 41 8a 0f 84 c9 0f 85
0x00007ffae2198b46:   ea 24 07 00 48 83 fe ff 0f 84 3f 25 07 00 4c 8b 


Register to memory mapping:

RAX=0x0000000000000000 is an unknown value
RBX=0x0000000019ef3898 is an unknown value
RCX=0x00000000fffffffc is an unallocated location in the heap
RDX=0x00000000000007a8 is an unknown value
RSP=0x0000000019c1bf40 is pointing into the stack for thread: 0x0000000019127000
RBP=0x00007ff60a9d4000 is an unknown value
RSI=0x00000000000007a8 is an unknown value
RDI=0x0000000000000000 is an unknown value
R8 =0xffffffffffffffff is an unknown value
R9 =0x00007ff60a9d4000 is an unknown value
R10=0x0000000000000000 is an unknown value
R11=0x0000000000000246 is an unknown value
R12=0x0000000000000000 is an unknown value
R13=0x0000000000000000 is an unknown value
R14=0x0000000000000000 is an unknown value
R15=0x0000000000000000 is an unknown value


Stack: [0x0000000019b20000,0x0000000019c20000],  sp=0x0000000019c1bf40,  free space=1007k
Native frames: (J=compiled Java code, j=interpreted, Vv=VM code, C=native code)
C  [ntdll.dll+0x38b36]
C  [ntdll.dll+0x37124]
C  [libvlc.dll+0xd71c]
C  [jna8322171620234095827.dll+0x176f3]
C  [jna8322171620234095827.dll+0xffe7]
C  [jna8322171620234095827.dll+0x3d1a]
C  [jna8322171620234095827.dll+0x4ef7]
C  0x0000000002a37f54

Java frames: (J=compiled Java code, j=interpreted, Vv=VM code)
j  com.sun.jna.Native.invokeVoid(JI[Ljava/lang/Object;)V+0
j  com.sun.jna.Function.invoke([Ljava/lang/Object;Ljava/lang/Class;Z)Ljava/lang/Object;+48
j  com.sun.jna.Function.invoke(Ljava/lang/Class;[Ljava/lang/Object;Ljava/util/Map;)Ljava/lang/Object;+214
j  com.sun.jna.Library$Handler.invoke(Ljava/lang/Object;Ljava/lang/reflect/Method;[Ljava/lang/Object;)Ljava/lang/Object;+341
j  com.sun.proxy.$Proxy0.libvlc_media_player_set_media(Luk/co/caprica/vlcj/binding/internal/libvlc_media_player_t;Luk/co/caprica/vlcj/binding/internal/libvlc_media_t;)V+20
j  uk.co.caprica.vlcj.player.DefaultMediaPlayer.setMedia(Ljava/lang/String;[Ljava/lang/String;)Z+295
j  uk.co.caprica.vlcj.player.DefaultMediaPlayer.prepareMedia(Ljava/lang/String;[Ljava/lang/String;)Z+23
j  totalvideogrouptimelength.VideoLengthTotal.addMiliSec([Ljava/io/File;)J+95
j  totalvideogrouptimelength.VideoLengthTotal.addMiliSec([Ljava/io/File;)J+48
j  totalvideogrouptimelength.VideoLengthTotal.jButton1ActionPerformed(Ljava/awt/event/ActionEvent;)V+85
j  totalvideogrouptimelength.VideoLengthTotal.access$000(Ltotalvideogrouptimelength/VideoLengthTotal;Ljava/awt/event/ActionEvent;)V+2
j  totalvideogrouptimelength.VideoLengthTotal$1.actionPerformed(Ljava/awt/event/ActionEvent;)V+5
j  javax.swing.AbstractButton.fireActionPerformed(Ljava/awt/event/ActionEvent;)V+83
j  javax.swing.AbstractButton$Handler.actionPerformed(Ljava/awt/event/ActionEvent;)V+5
j  javax.swing.DefaultButtonModel.fireActionPerformed(Ljava/awt/event/ActionEvent;)V+34
j  javax.swing.DefaultButtonModel.setPressed(Z)V+117
j  javax.swing.plaf.basic.BasicButtonListener.mouseReleased(Ljava/awt/event/MouseEvent;)V+35
j  java.awt.Component.processMouseEvent(Ljava/awt/event/MouseEvent;)V+64
j  javax.swing.JComponent.processMouseEvent(Ljava/awt/event/MouseEvent;)V+23
j  java.awt.Component.processEvent(Ljava/awt/AWTEvent;)V+81
j  java.awt.Container.processEvent(Ljava/awt/AWTEvent;)V+18
j  java.awt.Component.dispatchEventImpl(Ljava/awt/AWTEvent;)V+589
j  java.awt.Container.dispatchEventImpl(Ljava/awt/AWTEvent;)V+42
j  java.awt.Component.dispatchEvent(Ljava/awt/AWTEvent;)V+2
j  java.awt.LightweightDispatcher.retargetMouseEvent(Ljava/awt/Component;ILjava/awt/event/MouseEvent;)V+327
j  java.awt.LightweightDispatcher.processMouseEvent(Ljava/awt/event/MouseEvent;)Z+155
j  java.awt.LightweightDispatcher.dispatchEvent(Ljava/awt/AWTEvent;)Z+50
j  java.awt.Container.dispatchEventImpl(Ljava/awt/AWTEvent;)V+12
j  java.awt.Window.dispatchEventImpl(Ljava/awt/AWTEvent;)V+19
j  java.awt.Component.dispatchEvent(Ljava/awt/AWTEvent;)V+2
j  java.awt.EventQueue.dispatchEventImpl(Ljava/awt/AWTEvent;Ljava/lang/Object;)V+41
j  java.awt.EventQueue.access$500(Ljava/awt/EventQueue;Ljava/awt/AWTEvent;Ljava/lang/Object;)V+3
j  java.awt.EventQueue$3.run()Ljava/lang/Void;+32
j  java.awt.EventQueue$3.run()Ljava/lang/Object;+1
v  ~StubRoutines::call_stub
j  java.security.AccessController.doPrivileged(Ljava/security/PrivilegedAction;Ljava/security/AccessControlContext;)Ljava/lang/Object;+0
j  java.security.ProtectionDomain$JavaSecurityAccessImpl.doIntersectionPrivilege(Ljava/security/PrivilegedAction;Ljava/security/AccessControlContext;Ljava/security/AccessControlContext;)Ljava/lang/Object;+18
j  java.security.ProtectionDomain$JavaSecurityAccessImpl.doIntersectionPrivilege(Ljava/security/PrivilegedAction;Ljava/security/AccessControlContext;)Ljava/lang/Object;+6
j  java.awt.EventQueue$4.run()Ljava/lang/Void;+11
j  java.awt.EventQueue$4.run()Ljava/lang/Object;+1
v  ~StubRoutines::call_stub
j  java.security.AccessController.doPrivileged(Ljava/security/PrivilegedAction;Ljava/security/AccessControlContext;)Ljava/lang/Object;+0
j  java.security.ProtectionDomain$JavaSecurityAccessImpl.doIntersectionPrivilege(Ljava/security/PrivilegedAction;Ljava/security/AccessControlContext;Ljava/security/AccessControlContext;)Ljava/lang/Object;+18
j  java.awt.EventQueue.dispatchEvent(Ljava/awt/AWTEvent;)V+73
j  java.awt.EventDispatchThread.pumpOneEventForFilters(I)V+245
j  java.awt.EventDispatchThread.pumpEventsForFilter(ILjava/awt/Conditional;Ljava/awt/EventFilter;)V+35
j  java.awt.EventDispatchThread.pumpEventsForHierarchy(ILjava/awt/Conditional;Ljava/awt/Component;)V+11
j  java.awt.EventDispatchThread.pumpEvents(ILjava/awt/Conditional;)V+4
j  java.awt.EventDispatchThread.pumpEvents(Ljava/awt/Conditional;)V+3
j  java.awt.EventDispatchThread.run()V+9
v  ~StubRoutines::call_stub

---------------  P R O C E S S  ---------------

Java Threads: ( => current thread )
  0x000000001936b800 JavaThread "TimerQueue" daemon [_thread_blocked, id=1732, stack(0x000000001b1d0000,0x000000001b2d0000)]
  0x00000000194a5800 JavaThread "Swing-Shell" daemon [_thread_blocked, id=2944, stack(0x000000001a730000,0x000000001a830000)]
  0x0000000002920800 JavaThread "DestroyJavaVM" [_thread_blocked, id=5712, stack(0x0000000002820000,0x0000000002920000)]
=>0x0000000019127000 JavaThread "AWT-EventQueue-0" [_thread_in_native, id=3368, stack(0x0000000019b20000,0x0000000019c20000)]
  0x0000000019126000 JavaThread "AWT-Shutdown" [_thread_blocked, id=3012, stack(0x0000000018860000,0x0000000018960000)]
  0x0000000018116800 JavaThread "AWT-Windows" daemon [_thread_in_native, id=5624, stack(0x0000000018960000,0x0000000018a60000)]
  0x0000000018163800 JavaThread "Java2D Disposer" daemon [_thread_blocked, id=808, stack(0x0000000018760000,0x0000000018860000)]
  0x0000000017d99000 JavaThread "Service Thread" daemon [_thread_blocked, id=3128, stack(0x0000000018170000,0x0000000018270000)]
  0x0000000016313000 JavaThread "C1 CompilerThread2" daemon [_thread_blocked, id=3852, stack(0x0000000017c70000,0x0000000017d70000)]
  0x0000000016306800 JavaThread "C2 CompilerThread1" daemon [_thread_blocked, id=264, stack(0x0000000017b70000,0x0000000017c70000)]
  0x00000000162be000 JavaThread "C2 CompilerThread0" daemon [_thread_blocked, id=5868, stack(0x0000000017a70000,0x0000000017b70000)]
  0x00000000162bc800 JavaThread "Attach Listener" daemon [_thread_blocked, id=3312, stack(0x0000000017970000,0x0000000017a70000)]
  0x00000000162bb800 JavaThread "Signal Dispatcher" daemon [_thread_blocked, id=3648, stack(0x0000000017870000,0x0000000017970000)]
  0x0000000002a1d800 JavaThread "Finalizer" daemon [_thread_blocked, id=3740, stack(0x0000000017530000,0x0000000017630000)]
  0x0000000002a12000 JavaThread "Reference Handler" daemon [_thread_blocked, id=2940, stack(0x0000000017430000,0x0000000017530000)]

Other Threads:
  0x0000000016287000 VMThread [stack: 0x0000000017330000,0x0000000017430000] [id=4976]
  0x0000000017db6000 WatcherThread [stack: 0x0000000018270000,0x0000000018370000] [id=3864]

VM state:not at safepoint (normal execution)

VM Mutex/Monitor currently owned by a thread: None

Heap:
 PSYoungGen      total 28672K, used 7010K [0x00000000e0800000, 0x00000000e2800000, 0x0000000100000000)
  eden space 24576K, 11% used [0x00000000e0800000,0x00000000e0adb7f0,0x00000000e2000000)
  from space 4096K, 99% used [0x00000000e2000000,0x00000000e23fd220,0x00000000e2400000)
  to   space 4096K, 0% used [0x00000000e2400000,0x00000000e2400000,0x00000000e2800000)
 ParOldGen       total 65536K, used 763K [0x00000000a1800000, 0x00000000a5800000, 0x00000000e0800000)
  object space 65536K, 1% used [0x00000000a1800000,0x00000000a18bedd0,0x00000000a5800000)
 Metaspace       used 16480K, capacity 16720K, committed 17152K, reserved 1064960K
  class space    used 2128K, capacity 2222K, committed 2304K, reserved 1048576K

Card table byte_map: [0x0000000011de0000,0x00000000120e0000] byte_map_base: 0x00000000118d4000

Marking Bits: (ParMarkBitMap*) 0x0000000060c664f0
 Begin Bits: [0x00000000126e0000, 0x0000000013e80000)
 End Bits:   [0x0000000013e80000, 0x0000000015620000)

Polling page: 0x0000000000f70000

CodeCache: size=245760Kb used=5272Kb max_used=5272Kb free=240487Kb
 bounds [0x0000000002a20000, 0x0000000002f50000, 0x0000000011a20000]
 total_blobs=2261 nmethods=1724 adapters=449
 compilation: enabled

Compilation events (10 events):
Event: 11.204 Thread 0x0000000016313000 1721   !   3       com.sun.jna.Structure::initializeField (160 bytes)
Event: 11.206 Thread 0x0000000016313000 nmethod 1721 0x0000000002f44510 code [0x0000000002f448e0, 0x0000000002f46878]
Event: 11.206 Thread 0x0000000016313000 1722       1       java.lang.ThreadLocal::getMap (5 bytes)
Event: 11.206 Thread 0x0000000016313000 nmethod 1722 0x0000000002f47910 code [0x0000000002f47a60, 0x0000000002f47b70]
Event: 11.206 Thread 0x0000000016313000 1723       3       java.lang.reflect.Method::equals (69 bytes)
Event: 11.207 Thread 0x0000000016313000 nmethod 1723 0x0000000002f47c10 code [0x0000000002f47da0, 0x0000000002f48708]
Event: 11.207 Thread 0x0000000016313000 1724       3       java.net.URI$Parser::charAt (9 bytes)
Event: 11.207 Thread 0x0000000016313000 nmethod 1724 0x0000000002f48850 code [0x0000000002f489c0, 0x0000000002f48d08]
Event: 11.207 Thread 0x0000000016313000 1725       3       java.net.URI::match (56 bytes)
Event: 11.207 Thread 0x0000000016313000 nmethod 1725 0x0000000002f48e90 code [0x0000000002f49000, 0x0000000002f49310]

GC Heap History (2 events):
Event: 11.174 GC heap before
{Heap before GC invocations=1 (full 0):
 PSYoungGen      total 28672K, used 24576K [0x00000000e0800000, 0x00000000e2800000, 0x0000000100000000)
  eden space 24576K, 100% used [0x00000000e0800000,0x00000000e2000000,0x00000000e2000000)
  from space 4096K, 0% used [0x00000000e2400000,0x00000000e2400000,0x00000000e2800000)
  to   space 4096K, 0% used [0x00000000e2000000,0x00000000e2000000,0x00000000e2400000)
 ParOldGen       total 65536K, used 0K [0x00000000a1800000, 0x00000000a5800000, 0x00000000e0800000)
  object space 65536K, 0% used [0x00000000a1800000,0x00000000a1800000,0x00000000a5800000)
 Metaspace       used 16432K, capacity 16656K, committed 16896K, reserved 1064960K
  class space    used 2125K, capacity 2222K, committed 2304K, reserved 1048576K
Event: 11.182 GC heap after
Heap after GC invocations=1 (full 0):
 PSYoungGen      total 28672K, used 4084K [0x00000000e0800000, 0x00000000e2800000, 0x0000000100000000)
  eden space 24576K, 0% used [0x00000000e0800000,0x00000000e0800000,0x00000000e2000000)
  from space 4096K, 99% used [0x00000000e2000000,0x00000000e23fd220,0x00000000e2400000)
  to   space 4096K, 0% used [0x00000000e2400000,0x00000000e2400000,0x00000000e2800000)
 ParOldGen       total 65536K, used 763K [0x00000000a1800000, 0x00000000a5800000, 0x00000000e0800000)
  object space 65536K, 1% used [0x00000000a1800000,0x00000000a18bedd0,0x00000000a5800000)
 Metaspace       used 16432K, capacity 16656K, committed 16896K, reserved 1064960K
  class space    used 2125K, capacity 2222K, committed 2304K, reserved 1048576K
}

Deoptimization events (10 events):
Event: 3.618 Thread 0x0000000018116800 Uncommon trap: reason=unstable_if action=reinterpret pc=0x0000000002c6d4a0 method=java.util.HashMap.putVal(ILjava/lang/Object;Ljava/lang/Object;ZZ)Ljava/lang/Object; @ 206
Event: 5.096 Thread 0x0000000019127000 Uncommon trap: reason=unstable_if action=reinterpret pc=0x0000000002cb9bc4 method=java.awt.MultipleGradientPaintContext.indexIntoGradientsArrays(F)I @ 93
Event: 6.366 Thread 0x0000000019127000 Uncommon trap: reason=class_check action=maybe_recompile pc=0x0000000002b90c68 method=java.lang.String.equals(Ljava/lang/Object;)Z @ 8
Event: 6.367 Thread 0x0000000019127000 Uncommon trap: reason=class_check action=maybe_recompile pc=0x0000000002b90c68 method=java.lang.String.equals(Ljava/lang/Object;)Z @ 8
Event: 6.367 Thread 0x0000000019127000 Uncommon trap: reason=class_check action=maybe_recompile pc=0x0000000002b90c68 method=java.lang.String.equals(Ljava/lang/Object;)Z @ 8
Event: 6.396 Thread 0x0000000019127000 Uncommon trap: reason=class_check action=maybe_recompile pc=0x0000000002b90c68 method=java.lang.String.equals(Ljava/lang/Object;)Z @ 8
Event: 6.436 Thread 0x0000000019127000 Uncommon trap: reason=unstable_if action=reinterpret pc=0x0000000002d80ca8 method=java.awt.MultipleGradientPaintContext.indexIntoGradientsArrays(F)I @ 13
Event: 6.462 Thread 0x0000000019127000 Uncommon trap: reason=unstable_if action=reinterpret pc=0x0000000002dd2bd0 method=java.awt.MultipleGradientPaintContext.indexIntoGradientsArrays(F)I @ 118
Event: 6.600 Thread 0x0000000019127000 Uncommon trap: reason=unstable_if action=reinterpret pc=0x0000000002dc66c0 method=java.util.concurrent.locks.ReentrantLock$Sync.tryRelease(I)Z @ 28
Event: 11.185 Thread 0x0000000019231000 Uncommon trap: reason=unstable_if action=reinterpret pc=0x0000000002f27b80 method=java.lang.ref.SoftReference.get()Ljava/lang/Object; @ 17

Internal exceptions (10 events):
Event: 0.382 Thread 0x0000000002920800 Exception <a 'java/lang/ClassNotFoundException': ToolBarSeparator> (0x00000000e0bba448) thrown at [D:\re\workspace\8-2-build-windows-amd64-cygwin\jdk8u92\6642\hotspot\src\share\vm\classfile\systemDictionary.cpp, line 210]
Event: 0.383 Thread 0x0000000002920800 Exception <a 'java/lang/ClassNotFoundException': ToolTip> (0x00000000e0bbab88) thrown at [D:\re\workspace\8-2-build-windows-amd64-cygwin\jdk8u92\6642\hotspot\src\share\vm\classfile\systemDictionary.cpp, line 210]
Event: 0.384 Thread 0x0000000002920800 Exception <a 'java/lang/ClassNotFoundException': Tree> (0x00000000e0bbb7a8) thrown at [D:\re\workspace\8-2-build-windows-amd64-cygwin\jdk8u92\6642\hotspot\src\share\vm\classfile\systemDictionary.cpp, line 210]
Event: 0.385 Thread 0x0000000002920800 Exception <a 'java/lang/ClassNotFoundException': Tree> (0x00000000e0bbbee8) thrown at [D:\re\workspace\8-2-build-windows-amd64-cygwin\jdk8u92\6642\hotspot\src\share\vm\classfile\systemDictionary.cpp, line 210]
Event: 0.385 Thread 0x0000000002920800 Exception <a 'java/lang/ClassNotFoundException': javax/swing/JTreeCell> (0x00000000e0bbc268) thrown at [D:\re\workspace\8-2-build-windows-amd64-cygwin\jdk8u92\6642\hotspot\src\share\vm\classfile\systemDictionary.cpp, line 210]
Event: 0.385 Thread 0x0000000002920800 Exception <a 'java/lang/ClassNotFoundException': TreeCell> (0x00000000e0bbc6f0) thrown at [D:\re\workspace\8-2-build-windows-amd64-cygwin\jdk8u92\6642\hotspot\src\share\vm\classfile\systemDictionary.cpp, line 210]
Event: 0.385 Thread 0x0000000002920800 Exception <a 'java/lang/ClassNotFoundException': RootPane> (0x00000000e0bbd150) thrown at [D:\re\workspace\8-2-build-windows-amd64-cygwin\jdk8u92\6642\hotspot\src\share\vm\classfile\systemDictionary.cpp, line 210]
Event: 3.492 Thread 0x0000000002920800 Exception <a 'java/lang/NullPointerException'> (0x00000000e0f0b818) thrown at [D:\re\workspace\8-2-build-windows-amd64-cygwin\jdk8u92\6642\hotspot\src\share\vm\interpreter\linkResolver.cpp, line 1178]
Event: 3.597 Thread 0x0000000019127000 Implicit null exception at 0x0000000002c14096 to 0x0000000002c143d5
Event: 3.598 Thread 0x0000000019127000 Implicit null exception at 0x0000000002c0ab56 to 0x0000000002c0ae85

Events (10 events):
Event: 11.198 Thread 0x0000000019231000 Thread exited: 0x0000000019231000
Event: 11.200 Thread 0x0000000019231000 Thread added: 0x0000000019231000
Event: 11.200 loading class uk/co/caprica/vlcj/player/DefaultMediaMeta
Event: 11.200 loading class uk/co/caprica/vlcj/player/DefaultMediaMeta done
Event: 11.203 loading class uk/co/caprica/vlcj/player/events/MediaParsedChangedEvent
Event: 11.203 loading class uk/co/caprica/vlcj/player/events/MediaParsedChangedEvent done
Event: 11.204 Thread 0x0000000019231000 Thread exited: 0x0000000019231000
Event: 11.205 Executing VM operation: RevokeBias
Event: 11.206 Executing VM operation: RevokeBias done
Event: 11.206 Thread 0x0000000019230000 Thread exited: 0x0000000019230000


Dynamic libraries:
0x00007ff60b080000 - 0x00007ff60b0b7000 	C:\Program Files\Java\jdk1.8.0_92\bin\java.exe
0x00007ffae2160000 - 0x00007ffae230c000 	C:\WINDOWS\SYSTEM32\ntdll.dll
0x00007ffae1680000 - 0x00007ffae17be000 	C:\WINDOWS\system32\KERNEL32.DLL
0x00007ffadf6e0000 - 0x00007ffadf7f5000 	C:\WINDOWS\system32\KERNELBASE.dll
0x00007ffadde70000 - 0x00007ffaddefe000 	C:\WINDOWS\system32\apphelp.dll
0x00007ffacc7e0000 - 0x00007ffacc833000 	C:\WINDOWS\AppPatch\AppPatch64\AcGenral.DLL
0x00007ffae1eb0000 - 0x00007ffae1f5a000 	C:\WINDOWS\system32\msvcrt.dll
0x00007ffadf4d0000 - 0x00007ffadf4fe000 	C:\WINDOWS\system32\SspiCli.dll
0x00007ffae1440000 - 0x00007ffae1494000 	C:\WINDOWS\system32\SHLWAPI.dll
0x00007ffae12c0000 - 0x00007ffae1437000 	C:\WINDOWS\system32\USER32.dll
0x00007ffae1fc0000 - 0x00007ffae2154000 	C:\WINDOWS\system32\ole32.dll
0x00007ffadfbe0000 - 0x00007ffae10f8000 	C:\WINDOWS\system32\SHELL32.dll
0x00007ffade870000 - 0x00007ffade891000 	C:\WINDOWS\SYSTEM32\USERENV.dll
0x00007ffae1cc0000 - 0x00007ffae1d6a000 	C:\WINDOWS\system32\ADVAPI32.dll
0x00007ffad7160000 - 0x00007ffad717e000 	C:\WINDOWS\SYSTEM32\MPR.dll
0x00007ffae1d70000 - 0x00007ffae1eb0000 	C:\WINDOWS\system32\RPCRT4.dll
0x00007ffae1f60000 - 0x00007ffae1fb9000 	C:\WINDOWS\SYSTEM32\sechost.dll
0x00007ffadf940000 - 0x00007ffadfb51000 	C:\WINDOWS\SYSTEM32\combase.dll
0x00007ffae1170000 - 0x00007ffae12bf000 	C:\WINDOWS\system32\GDI32.dll
0x00007ffadf2a0000 - 0x00007ffadf2b5000 	C:\WINDOWS\SYSTEM32\profapi.dll
0x00007ffadd820000 - 0x00007ffadd8d2000 	C:\WINDOWS\SYSTEM32\SHCORE.dll
0x00007ffadf8e0000 - 0x00007ffadf916000 	C:\WINDOWS\system32\IMM32.DLL
0x00007ffae1b60000 - 0x00007ffae1cb2000 	C:\WINDOWS\system32\MSCTF.dll
0x00007ffadcdb0000 - 0x00007ffadd02b000 	C:\WINDOWS\WinSxS\amd64_microsoft.windows.common-controls_6595b64144ccf1df_6.0.9600.17415_none_6240486fecbd8abb\COMCTL32.dll
0x0000000060370000 - 0x0000000060442000 	C:\Program Files\Java\jdk1.8.0_92\jre\bin\msvcr100.dll
0x0000000060450000 - 0x0000000060ce6000 	C:\Program Files\Java\jdk1.8.0_92\jre\bin\server\jvm.dll
0x00007ffad5ad0000 - 0x00007ffad5ad9000 	C:\WINDOWS\SYSTEM32\WSOCK32.dll
0x00007ffadabc0000 - 0x00007ffadabe2000 	C:\WINDOWS\SYSTEM32\WINMM.dll
0x00007ffadd0b0000 - 0x00007ffadd0ba000 	C:\WINDOWS\SYSTEM32\VERSION.dll
0x00007ffadf800000 - 0x00007ffadf807000 	C:\WINDOWS\system32\PSAPI.DLL
0x00007ffadfb80000 - 0x00007ffadfbda000 	C:\WINDOWS\system32\WS2_32.dll
0x00007ffad9de0000 - 0x00007ffad9e0a000 	C:\WINDOWS\SYSTEM32\WINMMBASE.dll
0x00007ffadfb60000 - 0x00007ffadfb69000 	C:\WINDOWS\system32\NSI.dll
0x00007ffadf480000 - 0x00007ffadf4cf000 	C:\WINDOWS\SYSTEM32\cfgmgr32.dll
0x00007ffade0d0000 - 0x00007ffade0f8000 	C:\WINDOWS\SYSTEM32\DEVOBJ.dll
0x0000000060320000 - 0x000000006032f000 	C:\Program Files\Java\jdk1.8.0_92\jre\bin\verify.dll
0x00000000602f0000 - 0x0000000060319000 	C:\Program Files\Java\jdk1.8.0_92\jre\bin\java.dll
0x00000000602d0000 - 0x00000000602e6000 	C:\Program Files\Java\jdk1.8.0_92\jre\bin\zip.dll
0x00000000600f0000 - 0x0000000060288000 	C:\Program Files\Java\jdk1.8.0_92\jre\bin\awt.dll
0x00007ffae17c0000 - 0x00007ffae1881000 	C:\WINDOWS\system32\OLEAUT32.dll
0x00007ffaddf10000 - 0x00007ffade039000 	C:\WINDOWS\system32\uxtheme.dll
0x00007ffadd620000 - 0x00007ffadd641000 	C:\WINDOWS\system32\dwmapi.dll
0x00007ffade0c0000 - 0x00007ffade0cb000 	C:\WINDOWS\SYSTEM32\kernel.appcore.dll
0x00007ffadf170000 - 0x00007ffadf17b000 	C:\WINDOWS\SYSTEM32\CRYPTBASE.dll
0x00007ffadf100000 - 0x00007ffadf163000 	C:\WINDOWS\SYSTEM32\bcryptPrimitives.dll
0x00000000600a0000 - 0x00000000600e7000 	C:\Program Files\Java\jdk1.8.0_92\jre\bin\fontmanager.dll
0x00007ffadeb40000 - 0x00007ffadeb60000 	C:\WINDOWS\SYSTEM32\CRYPTSP.dll
0x00007ffade760000 - 0x00007ffade796000 	C:\WINDOWS\system32\rsaenh.dll
0x00007ffadede0000 - 0x00007ffadee06000 	C:\WINDOWS\SYSTEM32\bcrypt.dll
0x00000000602b0000 - 0x00000000602ca000 	C:\Program Files\Java\jdk1.8.0_92\jre\bin\net.dll
0x00007ffadeae0000 - 0x00007ffadeb39000 	C:\WINDOWS\system32\mswsock.dll
0x00007ffad96c0000 - 0x00007ffad96ea000 	C:\WINDOWS\SYSTEM32\IPHLPAPI.DLL
0x00007ffad96a0000 - 0x00007ffad96aa000 	C:\WINDOWS\SYSTEM32\WINNSI.DLL
0x00007ffad9250000 - 0x00007ffad9266000 	C:\WINDOWS\SYSTEM32\dhcpcsvc6.DLL
0x00007ffad9360000 - 0x00007ffad937a000 	C:\WINDOWS\SYSTEM32\dhcpcsvc.DLL
0x0000000060290000 - 0x00000000602a1000 	C:\Program Files\Java\jdk1.8.0_92\jre\bin\nio.dll
0x00007ffad0ee0000 - 0x00007ffad0f17000 	C:\Users\salah\AppData\Local\Temp\jna-salah\jna8322171620234095827.dll
0x000000005ffc0000 - 0x000000005ffee000 	C:\Program Files\VideoLAN\VLC\libvlc.dll
0x000000005fd10000 - 0x000000005ffbd000 	C:\Program Files\VideoLAN\VLC\libvlccore.dll
0x0000000060050000 - 0x0000000060092000 	C:\Program Files\Java\jdk1.8.0_92\jre\bin\t2k.dll
0x000000005fc60000 - 0x000000005fd02000 	C:\Program Files\VideoLAN\VLC\plugins\access\libdshow_plugin.dll
0x0000000060030000 - 0x0000000060044000 	C:\Program Files\VideoLAN\VLC\plugins\audio_output\libdirectsound_plugin.dll
0x000000005fc40000 - 0x000000005fc53000 	C:\Program Files\VideoLAN\VLC\plugins\audio_output\libwaveout_plugin.dll
0x000000005fc20000 - 0x000000005fc3f000 	C:\Program Files\VideoLAN\VLC\plugins\video_output\libdirect3d_plugin.dll
0x000000005fc00000 - 0x000000005fc1d000 	C:\Program Files\VideoLAN\VLC\plugins\video_output\libdirectdraw_plugin.dll
0x00007ffad9920000 - 0x00007ffad99bd000 	C:\WINDOWS\SYSTEM32\DSOUND.DLL
0x00007ffadf240000 - 0x00007ffadf286000 	C:\WINDOWS\SYSTEM32\POWRPROF.dll
0x00007ffae1a40000 - 0x00007ffae1af6000 	C:\WINDOWS\SYSTEM32\clbcatq.dll
0x00007ffadcc50000 - 0x00007ffadccc0000 	C:\WINDOWS\System32\MMDevApi.dll
0x000000005fff0000 - 0x000000006001a000 	C:\Program Files\Java\jdk1.8.0_92\jre\bin\dcpr.dll
0x00007ffadab10000 - 0x00007ffadabb4000 	C:\WINDOWS\WinSxS\amd64_microsoft.windows.common-controls_6595b64144ccf1df_5.82.9600.17415_none_34aa3313958e7a52\comctl32.dll
0x00007ffae14a0000 - 0x00007ffae167a000 	C:\WINDOWS\system32\SETUPAPI.dll
0x00007ffad9ea0000 - 0x00007ffada01f000 	C:\WINDOWS\system32\propsys.dll
0x00007ffac72a0000 - 0x00007ffac743d000 	C:\WINDOWS\system32\NetworkExplorer.dll
0x00007ffad8aa0000 - 0x00007ffad8ac8000 	C:\WINDOWS\System32\IDStore.dll
0x00007ffad9780000 - 0x00007ffad979f000 	C:\WINDOWS\System32\SAMLIB.dll
0x00007ffad3b80000 - 0x00007ffad3bf9000 	C:\WINDOWS\System32\wlidprov.dll
0x00007ffad99d0000 - 0x00007ffad99db000 	C:\WINDOWS\System32\drprov.dll
0x00007ffadf0a0000 - 0x00007ffadf0fa000 	C:\WINDOWS\System32\WINSTA.dll
0x00007fface970000 - 0x00007fface987000 	C:\WINDOWS\System32\ntlanman.dll
0x00007fface950000 - 0x00007fface96f000 	C:\WINDOWS\System32\davclnt.dll
0x00007ffad3650000 - 0x00007ffad365c000 	C:\WINDOWS\System32\DAVHLPR.dll
0x00007ffad9da0000 - 0x00007ffad9db7000 	C:\WINDOWS\System32\wkscli.dll
0x00007ffad2e20000 - 0x00007ffad2e32000 	C:\WINDOWS\SYSTEM32\cscapi.dll
0x00007ffade510000 - 0x00007ffade51c000 	C:\WINDOWS\System32\netutils.dll
0x00007ffac8e90000 - 0x00007ffac8f0b000 	C:\Windows\System32\dlnashext.dll
0x00007ffac5da0000 - 0x00007ffac5dee000 	C:\Windows\System32\PlayToDevice.dll
0x00007ffad5bd0000 - 0x00007ffad5bee000 	C:\Windows\System32\DevDispItemProvider.dll
0x00007ffab5690000 - 0x00007ffab588d000 	C:\WINDOWS\system32\wpdshext.dll
0x00007ffadabf0000 - 0x00007ffadada0000 	C:\WINDOWS\WinSxS\amd64_microsoft.windows.gdiplus_6595b64144ccf1df_1.1.9600.17415_none_932b3b5547500489\gdiplus.dll
0x00007ffacd8e0000 - 0x00007ffacd994000 	C:\Windows\System32\PortableDeviceApi.dll
0x00007ffadf370000 - 0x00007ffadf3c1000 	C:\WINDOWS\system32\WINTRUST.dll
0x00007ffadf500000 - 0x00007ffadf6df000 	C:\WINDOWS\system32\CRYPT32.dll
0x00007ffadf350000 - 0x00007ffadf361000 	C:\WINDOWS\system32\MSASN1.dll
0x00007ffac62f0000 - 0x00007ffac6327000 	C:\Windows\System32\EhStorShell.dll
0x00007ffad1040000 - 0x00007ffad1066000 	C:\Windows\System32\EhStorAPI.dll
0x00007ffadde50000 - 0x00007ffadde62000 	C:\Windows\System32\WTSAPI32.dll
0x00007ffad2dc0000 - 0x00007ffad2dcd000 	C:\WINDOWS\SYSTEM32\LINKINFO.dll
0x00007ffadd470000 - 0x00007ffadd61e000 	C:\WINDOWS\SYSTEM32\WindowsCodecs.dll
0x000000005fba0000 - 0x000000005fbfc000 	C:\Program Files\VideoLAN\VLC\plugins\lua\liblua_plugin.dll
0x000000005fb80000 - 0x000000005fb95000 	C:\Program Files\VideoLAN\VLC\plugins\meta_engine\libfolder_plugin.dll
0x000000005fb60000 - 0x000000005fb7f000 	C:\Program Files\VideoLAN\VLC\plugins\access\libvdr_plugin.dll
0x000000005fb40000 - 0x000000005fb58000 	C:\Program Files\VideoLAN\VLC\plugins\access\libfilesystem_plugin.dll
0x00007ffacfb50000 - 0x00007ffacfcda000 	C:\WINDOWS\SYSTEM32\dbghelp.dll

VM Arguments:
jvm_args: -Dfile.encoding=UTF-8 
java_command: totalvideogrouptimelength.VideoLengthTotal
java_class_path (initial): C:\Users\salah\Documents\NetBeansProjects\TotalVideoGroupTimeLength\vlcj-3.0.1\vlcj-3.0.1.jar;C:\Users\salah\Documents\NetBeansProjects\TotalVideoGroupTimeLength\vlcj-3.0.1\jna-3.5.2.jar;C:\Users\salah\Documents\NetBeansProjects\TotalVideoGroupTimeLength\build\classes
Launcher Type: SUN_STANDARD

Environment Variables:
PATH=C:\Program Files (x86)\Intel\iCLS Client\;C:\Program Files\Intel\iCLS Client\;C:\ProgramData\Oracle\Java\javapath;C:\WINDOWS\system32;C:\WINDOWS;C:\WINDOWS\System32\Wbem;C:\WINDOWS\System32\WindowsPowerShell\v1.0\;C:\Program Files (x86)\GtkSharp\2.12\bin;C:\Program Files\Intel\Intel(R) Management Engine Components\DAL;C:\Program Files\Intel\Intel(R) Management Engine Components\IPT;C:\Program Files (x86)\Intel\Intel(R) Management Engine Components\DAL;C:\Program Files (x86)\Intel\Intel(R) Management Engine Components\IPT;C:\Program Files (x86)\NVIDIA Corporation\PhysX\Common;C:\WINDOWS\system32\Npcap;C:\Program Files (x86)\Windows Kits\8.1\Windows Performance Toolkit\
USERNAME=salah
OS=Windows_NT
PROCESSOR_IDENTIFIER=Intel64 Family 6 Model 58 Stepping 9, GenuineIntel



---------------  S Y S T E M  ---------------

OS: Windows 8.1 , 64 bit Build 9600 (6.3.9600.17415)

CPU:total 4 (2 cores per cpu, 2 threads per core) family 6 model 58 stepping 9, cmov, cx8, fxsr, mmx, sse, sse2, sse3, ssse3, sse4.1, sse4.2, popcnt, avx, aes, clmul, erms, ht, tsc, tscinvbit, tscinv

Memory: 4k page, physical 6188312k(1987640k free), swap 7171352k(1788360k free)

vm_info: Java HotSpot(TM) 64-Bit Server VM (25.92-b14) for windows-amd64 JRE (1.8.0_92-b14), built on Mar 31 2016 21:03:04 by "java_re" with MS VC++ 10.0 (VS2010)

time: Fri Nov 04 16:46:10 2016
elapsed time: 11 seconds (0d 0h 0m 11s)

